Added Component: Designator=C1(CAP 5.0*10*12.5)
Added Component: Designator=C2(CAP 2.5*6.3*7)
Added Component: Designator=C3(C 0603_L)
Added Component: Designator=C4(C 0603_L)
Added Component: Designator=C5(C 0603_L)
Added Component: Designator=C6(C 0603_L)
Added Component: Designator=C8(C 0603_L)
Added Component: Designator=D1(0603LED B)
Added Component: Designator=D2(0603LED B)
Added Component: Designator=DR_U1(BTN)
Added Component: Designator=DR_U2(BTN)
Added Component: Designator=DR_U3(SOP20)
Added Component: Designator=MOTOR_IN(MX 1.25-WI-6P)
Added Component: Designator=MOTOR_OUT(2PIN-5.08B)
Added Component: Designator=POWER(2PIN-5.08B)
Added Component: Designator=R1(R 0603_L)
Added Component: Designator=R2(R 0603_L)
Added Component: Designator=R3(R 0603_L)
Added Component: Designator=R4(R 0603_L)
Added Component: Designator=R5(R 0603_L)
Added Component: Designator=R6(R 0603_L)
Added Component: Designator=R7(R 0603_L)
Added Component: Designator=R8(R 0603_L)
Added Component: Designator=R9(R 0603_L)
Added Component: Designator=R10(R 0603_L)
Added Component: Designator=R11(R 0603_L)
Added Pin To Net: NetName=+12V Pin=C1-1
Added Pin To Net: NetName=+12V Pin=C2-1
Added Pin To Net: NetName=+12V Pin=C3-1
Added Pin To Net: NetName=+12V Pin=DR_U1-7
Added Pin To Net: NetName=+12V Pin=DR_U2-7
Added Pin To Net: NetName=+12V Pin=MOTOR_IN-2
Added Pin To Net: NetName=+12V Pin=POWER-2
Added Pin To Net: NetName=+12V Pin=R1-2
Added Net: Name=+12V
Added Pin To Net: NetName=5V Pin=C4-1
Added Pin To Net: NetName=5V Pin=C8-1
Added Pin To Net: NetName=5V Pin=D2-1
Added Pin To Net: NetName=5V Pin=DR_U3-20
Added Pin To Net: NetName=5V Pin=MOTOR_IN-6
Added Pin To Net: NetName=5V Pin=R3-2
Added Net: Name=5V
Added Pin To Net: NetName=EN Pin=DR_U3-9
Added Pin To Net: NetName=EN Pin=R5-1
Added Pin To Net: NetName=EN Pin=R9-1
Added Net: Name=EN
Added Pin To Net: NetName=GND Pin=C1-2
Added Pin To Net: NetName=GND Pin=C2-2
Added Pin To Net: NetName=GND Pin=C3-2
Added Pin To Net: NetName=GND Pin=C4-2
Added Pin To Net: NetName=GND Pin=C5-2
Added Pin To Net: NetName=GND Pin=C6-2
Added Pin To Net: NetName=GND Pin=C8-2
Added Pin To Net: NetName=GND Pin=D1-2
Added Pin To Net: NetName=GND Pin=DR_U1-1
Added Pin To Net: NetName=GND Pin=DR_U2-1
Added Pin To Net: NetName=GND Pin=DR_U3-1
Added Pin To Net: NetName=GND Pin=DR_U3-10
Added Pin To Net: NetName=GND Pin=DR_U3-19
Added Pin To Net: NetName=GND Pin=MOTOR_IN-1
Added Pin To Net: NetName=GND Pin=MOTOR_IN-5
Added Pin To Net: NetName=GND Pin=POWER-1
Added Pin To Net: NetName=GND Pin=R2-1
Added Pin To Net: NetName=GND Pin=R6-2
Added Pin To Net: NetName=GND Pin=R7-1
Added Pin To Net: NetName=GND Pin=R10-2
Added Pin To Net: NetName=GND Pin=R11-1
Added Net: Name=GND
Added Pin To Net: NetName=INL_1 Pin=DR_U3-18
Added Pin To Net: NetName=INL_1 Pin=R4-1
Added Net: Name=INL_1
Added Pin To Net: NetName=INL_2 Pin=DR_U3-16
Added Pin To Net: NetName=INL_2 Pin=R8-1
Added Net: Name=INL_2
Added Pin To Net: NetName=NetC5_1 Pin=C5-1
Added Pin To Net: NetName=NetC5_1 Pin=DR_U1-5
Added Pin To Net: NetName=NetC5_1 Pin=R6-1
Added Net: Name=NetC5_1
Added Pin To Net: NetName=NetC6_1 Pin=C6-1
Added Pin To Net: NetName=NetC6_1 Pin=DR_U2-5
Added Pin To Net: NetName=NetC6_1 Pin=R10-1
Added Net: Name=NetC6_1
Added Pin To Net: NetName=NetD1_1 Pin=D1-1
Added Pin To Net: NetName=NetD1_1 Pin=R1-1
Added Net: Name=NetD1_1
Added Pin To Net: NetName=NetD2_2 Pin=D2-2
Added Pin To Net: NetName=NetD2_2 Pin=R2-2
Added Net: Name=NetD2_2
Added Pin To Net: NetName=NetDR_U1_2 Pin=DR_U1-2
Added Pin To Net: NetName=NetDR_U1_2 Pin=R4-2
Added Net: Name=NetDR_U1_2
Added Pin To Net: NetName=NetDR_U1_3 Pin=DR_U1-3
Added Pin To Net: NetName=NetDR_U1_3 Pin=R5-2
Added Net: Name=NetDR_U1_3
Added Pin To Net: NetName=NetDR_U1_6 Pin=DR_U1-6
Added Pin To Net: NetName=NetDR_U1_6 Pin=R7-2
Added Net: Name=NetDR_U1_6
Added Pin To Net: NetName=NetDR_U2_2 Pin=DR_U2-2
Added Pin To Net: NetName=NetDR_U2_2 Pin=R8-2
Added Net: Name=NetDR_U2_2
Added Pin To Net: NetName=NetDR_U2_3 Pin=DR_U2-3
Added Pin To Net: NetName=NetDR_U2_3 Pin=R9-2
Added Net: Name=NetDR_U2_3
Added Pin To Net: NetName=NetDR_U2_6 Pin=DR_U2-6
Added Pin To Net: NetName=NetDR_U2_6 Pin=R11-2
Added Net: Name=NetDR_U2_6
Added Pin To Net: NetName=NetDR_U3_11 Pin=DR_U3-11
Added Pin To Net: NetName=NetDR_U3_11 Pin=R3-1
Added Net: Name=NetDR_U3_11
Added Pin To Net: NetName=OUTL_1 Pin=DR_U1-8
Added Pin To Net: NetName=OUTL_1 Pin=MOTOR_OUT-2
Added Net: Name=OUTL_1
Added Pin To Net: NetName=OUTL_2 Pin=DR_U2-8
Added Pin To Net: NetName=OUTL_2 Pin=MOTOR_OUT-1
Added Net: Name=OUTL_2
Added Pin To Net: NetName=PWML_1 Pin=DR_U3-2
Added Pin To Net: NetName=PWML_1 Pin=MOTOR_IN-4
Added Net: Name=PWML_1
Added Pin To Net: NetName=PWML_2 Pin=DR_U3-4
Added Pin To Net: NetName=PWML_2 Pin=MOTOR_IN-3
Added Net: Name=PWML_2
Added Class: Name=btn_single_V1.0
Added Room: Name=btn_single_V1.0
